\BOOKMARK [0][-]{chapter.1}{\376\377\000I\000n\000t\000r\000o\000d\000u\000c\000i\000\363\000n}{}% 1
\BOOKMARK [1][-]{section.1.1}{\376\377\000O\000b\000x\000e\000c\000t\000i\000v\000o\000s\000\040\000d\000o\000\040\000t\000r\000a\000b\000a\000l\000l\000o}{chapter.1}% 2
\BOOKMARK [1][-]{section.1.2}{\376\377\000E\000s\000t\000r\000u\000t\000u\000r\000a\000\040\000d\000a\000\040\000m\000e\000m\000o\000r\000i\000a}{chapter.1}% 3
\BOOKMARK [1][-]{section.1.3}{\376\377\000D\000e\000s\000c\000r\000i\000c\000i\000\363\000n\000\040\000d\000o\000\040\000s\000i\000s\000t\000e\000m\000a}{chapter.1}% 4
\BOOKMARK [0][-]{chapter.2}{\376\377\000E\000s\000p\000e\000c\000i\000f\000i\000c\000a\000c\000i\000\363\000n\000\040\000d\000e\000\040\000R\000e\000q\000u\000i\000s\000i\000t\000o\000s}{}% 5
\BOOKMARK [1][-]{section.2.1}{\376\377\000I\000d\000e\000n\000t\000i\000f\000i\000c\000a\000c\000i\000\363\000n\000\040\000d\000o\000s\000\040\000u\000s\000u\000a\000r\000i\000o\000s}{chapter.2}% 6
\BOOKMARK [1][-]{section.2.2}{\376\377\000R\000e\000q\000u\000i\000s\000i\000t\000o\000s\000\040\000f\000u\000n\000c\000i\000o\000n\000a\000i\000s}{chapter.2}% 7
\BOOKMARK [2][-]{subsection.2.2.1}{\376\377\000O\000b\000t\000e\000r\000\040\000d\000a\000t\000o\000s\000\040\000d\000e\000\040\000s\000a\000t\000\351\000l\000i\000t\000e\000\040\000d\000a\000\040\000E\000S\000A\000\040\000[\000R\000F\0001\000]}{section.2.2}% 8
\BOOKMARK [2][-]{subsection.2.2.2}{\376\377\000T\000r\000a\000n\000s\000f\000o\000r\000m\000a\000r\000\040\000e\000\040\000a\000g\000r\000e\000g\000a\000r\000\040\000d\000a\000t\000o\000s\000\040\000d\000e\000\040\000s\000a\000t\000\351\000l\000i\000t\000e\000\040\000[\000R\000F\0002\000]}{section.2.2}% 9
\BOOKMARK [2][-]{subsection.2.2.3}{\376\377\000I\000m\000p\000l\000e\000m\000e\000n\000t\000a\000r\000\040\000u\000n\000\040\000s\000e\000r\000v\000i\000d\000o\000r\000\040\000E\000R\000D\000D\000A\000P\000\040\000l\000o\000c\000a\000l\000\040\000[\000R\000F\0003\000]}{section.2.2}% 10
\BOOKMARK [1][-]{section.2.3}{\376\377\000R\000e\000q\000u\000i\000s\000i\000t\000o\000s\000\040\000d\000o\000\040\000p\000r\000o\000d\000u\000t\000o}{chapter.2}% 11
\BOOKMARK [2][-]{subsection.2.3.1}{\376\377\000A\000\040\000a\000p\000l\000i\000c\000a\000c\000i\000\363\000n\000\040\000d\000e\000b\000e\000r\000\341\000\040\000s\000e\000r\000\040\000r\000\341\000p\000i\000d\000a\000\040\000e\000\040\000e\000f\000i\000c\000i\000e\000n\000t\000e\000\040\000[\000R\000N\000F\0001\000]}{section.2.3}% 12
\BOOKMARK [2][-]{subsection.2.3.2}{\376\377\000E\000f\000i\000c\000i\000e\000n\000c\000i\000a\000\040\000d\000e\000\040\000a\000l\000m\000a\000c\000e\000n\000a\000m\000e\000n\000t\000o\000\040\000[\000R\000N\000F\0002\000]}{section.2.3}% 13
\BOOKMARK [1][-]{section.2.4}{\376\377\000R\000e\000q\000u\000i\000s\000i\000t\000o\000s\000\040\000d\000e\000\040\000r\000e\000n\000d\000e\000m\000e\000n\000t\000o}{chapter.2}% 14
\BOOKMARK [2][-]{subsection.2.4.1}{\376\377\000T\000e\000m\000p\000o\000\040\000d\000e\000\040\000r\000e\000s\000p\000o\000s\000t\000a\000\040\000r\000a\000z\000o\000a\000b\000l\000e\000\040\000[\000R\000N\000F\0003\000]}{section.2.4}% 15
\BOOKMARK [0][-]{chapter.3}{\376\377\000D\000e\000s\000e\000\361\000o}{}% 16
\BOOKMARK [1][-]{section.3.1}{\376\377\000C\000o\000m\000p\000o\000\361\000e\000n\000t\000e\000s\000\040\000d\000o\000\040\000s\000i\000s\000t\000e\000m\000a}{chapter.3}% 17
\BOOKMARK [2][-]{subsection.3.1.1}{\376\377\000B\000a\000c\000k\000e\000n\000d}{section.3.1}% 18
\BOOKMARK [2][-]{subsection.3.1.2}{\376\377\000M\000i\000d\000d\000l\000e\000w\000a\000r\000e}{section.3.1}% 19
\BOOKMARK [2][-]{subsection.3.1.3}{\376\377\000F\000r\000o\000n\000t\000e\000n\000d}{section.3.1}% 20
\BOOKMARK [1][-]{section.3.2}{\376\377\000T\000e\000c\000n\000o\000l\000o\000x\000\355\000a\000s\000\040\000e\000m\000p\000r\000e\000g\000a\000d\000a\000s}{chapter.3}% 21
\BOOKMARK [2][-]{subsection.3.2.1}{\376\377\000A\000n\000a\000c\000o\000n\000d\000a}{section.3.2}% 22
\BOOKMARK [2][-]{subsection.3.2.2}{\376\377\000H\000A\000R\000P}{section.3.2}% 23
\BOOKMARK [2][-]{subsection.3.2.3}{\376\377\000E\000R\000D\000D\000A\000P}{section.3.2}% 24
\BOOKMARK [1][-]{section.3.3}{\376\377\000D\000e\000s\000e\000n\000v\000o\000l\000v\000e\000m\000e\000n\000t\000o\000\040\000d\000o\000\040\000s\000i\000s\000t\000e\000m\000a}{chapter.3}% 25
\BOOKMARK [2][-]{subsection.3.3.1}{\376\377\000I\000n\000t\000r\000o\000d\000u\000c\000i\000\363\000n}{section.3.3}% 26
\BOOKMARK [2][-]{subsection.3.3.2}{\376\377\000D\000e\000s\000c\000a\000r\000g\000a\000\040\000d\000e\000\040\000d\000a\000t\000o\000s}{section.3.3}% 27
\BOOKMARK [2][-]{subsection.3.3.3}{\376\377\000P\000r\000o\000c\000e\000s\000a\000m\000e\000n\000t\000o\000\040\000d\000e\000\040\000d\000a\000t\000o\000s}{section.3.3}% 28
\BOOKMARK [1][-]{section.3.4}{\376\377\000I\000m\000p\000l\000e\000m\000e\000n\000t\000a\000c\000i\000\363\000n\000\040\000d\000o\000\040\000s\000i\000s\000t\000e\000m\000a}{chapter.3}% 29
\BOOKMARK [2][-]{subsection.3.4.1}{\376\377\000C\000o\000n\000f\000i\000g\000u\000r\000a\000c\000i\000\363\000n\000\040\000d\000a\000\040\000m\000\341\000q\000u\000i\000n\000a\000\040\000d\000e\000\040\000A\000W\000S}{section.3.4}% 30
\BOOKMARK [2][-]{subsection.3.4.2}{\376\377\000C\000o\000n\000f\000i\000g\000u\000r\000a\000c\000i\000\363\000n\000\040\000d\000e\000\040\000s\000e\000r\000v\000i\000d\000o\000r\000\040\000E\000R\000D\000D\000A\000P}{section.3.4}% 31
\BOOKMARK [2][-]{subsection.3.4.3}{\376\377\000R\000e\000a\000l\000i\000z\000a\000c\000i\000\363\000n\000\040\000d\000a\000\040\000i\000n\000t\000e\000r\000f\000a\000c\000e}{section.3.4}% 32
\BOOKMARK [0][-]{chapter.4}{\376\377\000P\000r\000o\000b\000a\000s}{}% 33
\BOOKMARK [1][-]{section.4.1}{\376\377\000P\000r\000o\000b\000a\000s\000\040\000u\000n\000i\000t\000a\000r\000i\000a\000s}{chapter.4}% 34
\BOOKMARK [1][-]{section.4.2}{\376\377\000P\000r\000o\000b\000a\000s\000\040\000d\000e\000\040\000i\000n\000t\000e\000g\000r\000a\000c\000i\000\363\000n}{chapter.4}% 35
\BOOKMARK [1][-]{section.4.3}{\376\377\000P\000r\000o\000b\000a\000s\000\040\000d\000e\000\040\000r\000e\000n\000d\000e\000m\000e\000n\000t\000o}{chapter.4}% 36
\BOOKMARK [0][-]{chapter.5}{\376\377\000C\000o\000n\000c\000l\000u\000s\000i\000\363\000n\000s\000\040\000e\000\040\000p\000o\000s\000i\000b\000l\000e\000s\000\040\000a\000m\000p\000l\000i\000a\000c\000i\000\363\000n\000s}{}% 37
\BOOKMARK [0][-]{appendix.Alph1}{\376\377\000M\000a\000n\000u\000a\000i\000s\000\040\000t\000\351\000c\000n\000i\000c\000o\000s}{}% 38
\BOOKMARK [1][-]{section.Alph1.1}{\376\377\000I\000n\000s\000t\000a\000l\000a\000c\000i\000\363\000n}{appendix.Alph1}% 39
\BOOKMARK [1][-]{section.Alph1.2}{\376\377\000M\000a\000n\000t\000e\000m\000e\000n\000t\000o}{appendix.Alph1}% 40
\BOOKMARK [0][-]{appendix.Alph2}{\376\377\000M\000a\000n\000u\000a\000i\000s\000\040\000d\000e\000\040\000u\000s\000u\000a\000r\000i\000o}{}% 41
\BOOKMARK [0][-]{figure.Alph2.1}{\376\377\000B\000i\000b\000l\000i\000o\000g\000r\000a\000f\000\355\000a}{}% 42
