This is pdfTeX, Version 3.141592653-2.6-1.40.25 (TeX Live 2023) (preloaded format=pdflatex 2023.12.20)  20 DEC 2023 20:34
entering extended mode
 restricted \write18 enabled.
 file:line:error style messages enabled.
 %&-line parsing enabled.
**traballo.tex
(./traballo.tex
LaTeX2e <2023-11-01>
L3 programming layer <2023-12-11>
(c:/texlive/2023/texmf-dist/tex/latex/base/book.cls
Document Class: book 2023/05/17 v1.4n Standard LaTeX document class
(c:/texlive/2023/texmf-dist/tex/latex/base/bk12.clo
File: bk12.clo 2023/05/17 v1.4n Standard LaTeX file (size option)
)
\c@part=\count187
\c@chapter=\count188
\c@section=\count189
\c@subsection=\count190
\c@subsubsection=\count191
\c@paragraph=\count192
\c@subparagraph=\count193
\c@figure=\count194
\c@table=\count195
\abovecaptionskip=\skip48
\belowcaptionskip=\skip49
\bibindent=\dimen140
)
(c:/texlive/2023/texmf-dist/tex/latex/base/inputenc.sty
Package: inputenc 2021/02/14 v1.3d Input encoding file
\inpenc@prehook=\toks17
\inpenc@posthook=\toks18
)
(c:/texlive/2023/texmf-dist/tex/generic/babel/babel.sty
Package: babel 2023/12/10 v3.99 The Babel package
\babel@savecnt=\count196
\U@D=\dimen141
\l@unhyphenated=\language89

(c:/texlive/2023/texmf-dist/tex/generic/babel/txtbabel.def)
\bbl@readstream=\read2
\bbl@dirlevel=\count197

(c:/texlive/2023/texmf-dist/tex/generic/babel-galician/galician.ldf
Language: galician.ldf 2008/07/06 v4.3c Galician support from the babel system
\gl@quottoks=\toks19
\gl@quotdepth=\count198
Package babel Info: Making . an active character on input line 533.
Package babel Info: Making " an active character on input line 564.
Package babel Info: Making < an active character on input line 656.
Package babel Info: Making > an active character on input line 657.
))
(c:/texlive/2023/texmf-dist/tex/generic/babel/locale/gl/babel-galician.tex
Package babel Info: Importing font and identification data for galician
(babel)             from babel-gl.ini. Reported on input line 11.
)
(c:/texlive/2023/texmf-dist/tex/latex/graphics/graphicx.sty
Package: graphicx 2021/09/16 v1.2d Enhanced LaTeX Graphics (DPC,SPQR)

(c:/texlive/2023/texmf-dist/tex/latex/graphics/keyval.sty
Package: keyval 2022/05/29 v1.15 key=value parser (DPC)
\KV@toks@=\toks20
)
(c:/texlive/2023/texmf-dist/tex/latex/graphics/graphics.sty
Package: graphics 2022/03/10 v1.4e Standard LaTeX Graphics (DPC,SPQR)

(c:/texlive/2023/texmf-dist/tex/latex/graphics/trig.sty
Package: trig 2021/08/11 v1.11 sin cos tan (DPC)
)
(c:/texlive/2023/texmf-dist/tex/latex/graphics-cfg/graphics.cfg
File: graphics.cfg 2016/06/04 v1.11 sample graphics configuration
)
Package graphics Info: Driver file: pdftex.def on input line 107.

(c:/texlive/2023/texmf-dist/tex/latex/graphics-def/pdftex.def
File: pdftex.def 2022/09/22 v1.2b Graphics/color driver for pdftex
))
\Gin@req@height=\dimen142
\Gin@req@width=\dimen143
)
(c:/texlive/2023/texmf-dist/tex/latex/graphics/epsfig.sty
Package: epsfig 2017/06/25 v1.7b (e)psfig emulation (SPQR)
\epsfxsize=\dimen144
\epsfysize=\dimen145
)
(c:/texlive/2023/texmf-dist/tex/latex/amsfonts/amssymb.sty
Package: amssymb 2013/01/14 v3.01 AMS font symbols

(c:/texlive/2023/texmf-dist/tex/latex/amsfonts/amsfonts.sty
Package: amsfonts 2013/01/14 v3.01 Basic AMSFonts support
\@emptytoks=\toks21
\symAMSa=\mathgroup4
\symAMSb=\mathgroup5
LaTeX Font Info:    Redeclaring math symbol \hbar on input line 98.
LaTeX Font Info:    Overwriting math alphabet `\mathfrak' in version `bold'
(Font)                  U/euf/m/n --> U/euf/b/n on input line 106.
))
(c:/texlive/2023/texmf-dist/tex/latex/eurosym/eurosym.sty
Package: eurosym 1998/08/06 v1.1 European currency symbol ``Euro''
\@eurobox=\box51
)
(c:/texlive/2023/texmf-dist/tex/latex/float/float.sty
Package: float 2001/11/08 v1.3d Float enhancements (AL)
\c@float@type=\count199
\float@exts=\toks22
\float@box=\box52
\@float@everytoks=\toks23
\@floatcapt=\box53
)
(c:/texlive/2023/texmf-dist/tex/latex/base/latexsym.sty
Package: latexsym 1998/08/17 v2.2e Standard LaTeX package (lasy symbols)
\symlasy=\mathgroup6
LaTeX Font Info:    Overwriting symbol font `lasy' in version `bold'
(Font)                  U/lasy/m/n --> U/lasy/b/n on input line 52.
) (./a4.sty
Package: a4 2004/04/15 v1.2g A4 based page layout
)
(c:/texlive/2023/texmf-dist/tex/latex/listings/listings.sty
\lst@mode=\count266
\lst@gtempboxa=\box54
\lst@token=\toks24
\lst@length=\count267
\lst@currlwidth=\dimen146
\lst@column=\count268
\lst@pos=\count269
\lst@lostspace=\dimen147
\lst@width=\dimen148
\lst@newlines=\count270
\lst@lineno=\count271
\lst@maxwidth=\dimen149

(c:/texlive/2023/texmf-dist/tex/latex/listings/lstmisc.sty
File: lstmisc.sty 2023/02/27 1.9 (Carsten Heinz)
\c@lstnumber=\count272
\lst@skipnumbers=\count273
\lst@framebox=\box55
)
(c:/texlive/2023/texmf-dist/tex/latex/listings/listings.cfg
File: listings.cfg 2023/02/27 1.9 listings configuration
))
Package: listings 2023/02/27 1.9 (Carsten Heinz)

(c:/texlive/2023/texmf-dist/tex/latex/l3backend/l3backend-pdftex.def
File: l3backend-pdftex.def 2023-11-09 L3 backend support: PDF output (pdfTeX)
\l__color_backend_stack_int=\count274
\l__pdf_internal_box=\box56
)
(C:/Users/Hugo/IdeaProjects/TFGMemoria/out/traballo.aux
(C:/Users/Hugo/IdeaProjects/TFGMemoria/out/capitulos/titulo.aux)
(C:/Users/Hugo/IdeaProjects/TFGMemoria/out/capitulos/certificacion.aux)
(C:/Users/Hugo/IdeaProjects/TFGMemoria/out/capitulos/agradecementos.aux)
(C:/Users/Hugo/IdeaProjects/TFGMemoria/out/capitulos/resumo.aux)
(C:/Users/Hugo/IdeaProjects/TFGMemoria/out/capitulos/introducion.aux)
(C:/Users/Hugo/IdeaProjects/TFGMemoria/out/capitulos/cap2.aux)
(C:/Users/Hugo/IdeaProjects/TFGMemoria/out/capitulos/cap3.aux)
(C:/Users/Hugo/IdeaProjects/TFGMemoria/out/capitulos/cap4.aux)
(C:/Users/Hugo/IdeaProjects/TFGMemoria/out/capitulos/exemplos.aux)
(C:/Users/Hugo/IdeaProjects/TFGMemoria/out/capitulos/conclusions.aux)
(C:/Users/Hugo/IdeaProjects/TFGMemoria/out/capitulos/apendicea.aux)
(C:/Users/Hugo/IdeaProjects/TFGMemoria/out/capitulos/apendiceb.aux)
(C:/Users/Hugo/IdeaProjects/TFGMemoria/out/capitulos/licenza.aux)
(C:/Users/Hugo/IdeaProjects/TFGMemoria/out/capitulos/bibliografia.aux))
\openout1 = `traballo.aux'.

LaTeX Font Info:    Checking defaults for OML/cmm/m/it on input line 32.
LaTeX Font Info:    ... okay on input line 32.
LaTeX Font Info:    Checking defaults for OMS/cmsy/m/n on input line 32.
LaTeX Font Info:    ... okay on input line 32.
LaTeX Font Info:    Checking defaults for OT1/cmr/m/n on input line 32.
LaTeX Font Info:    ... okay on input line 32.
LaTeX Font Info:    Checking defaults for T1/cmr/m/n on input line 32.
LaTeX Font Info:    ... okay on input line 32.
LaTeX Font Info:    Checking defaults for TS1/cmr/m/n on input line 32.
LaTeX Font Info:    ... okay on input line 32.
LaTeX Font Info:    Checking defaults for OMX/cmex/m/n on input line 32.
LaTeX Font Info:    ... okay on input line 32.
LaTeX Font Info:    Checking defaults for U/cmr/m/n on input line 32.
LaTeX Font Info:    ... okay on input line 32.

(c:/texlive/2023/texmf-dist/tex/context/base/mkii/supp-pdf.mkii
[Loading MPS to PDF converter (version 2006.09.02).]
\scratchcounter=\count275
\scratchdimen=\dimen150
\scratchbox=\box57
\nofMPsegments=\count276
\nofMParguments=\count277
\everyMPshowfont=\toks25
\MPscratchCnt=\count278
\MPscratchDim=\dimen151
\MPnumerator=\count279
\makeMPintoPDFobject=\count280
\everyMPtoPDFconversion=\toks26
) (c:/texlive/2023/texmf-dist/tex/latex/epstopdf-pkg/epstopdf-base.sty
Package: epstopdf-base 2020-01-24 v2.11 Base part for package epstopdf
Package epstopdf-base Info: Redefining graphics rule for `.eps' on input line 4
85.

(c:/texlive/2023/texmf-dist/tex/latex/latexconfig/epstopdf-sys.cfg
File: epstopdf-sys.cfg 2010/07/13 v1.3 Configuration of (r)epstopdf for TeX Liv
e
))
\c@lstlisting=\count281
\openout2 = `capitulos/titulo.aux'.


(./capitulos/titulo.tex
Package epstopdf Info: Source file: <figuras/logo_usc.eps>
(epstopdf)                    date: 2023-12-20 19:17:00
(epstopdf)                    size: 91607 bytes
(epstopdf)             Output file: <figuras/logo_usc-eps-converted-to.pdf>
(epstopdf)                    date: 2023-12-20 19:17:00
(epstopdf)                    size: 22078 bytes
(epstopdf)             Command: <repstopdf --outfile=figuras/logo_usc-eps-conve
rted-to.pdf figuras/logo_usc.eps>
(epstopdf)             \includegraphics on input line 6.
Package epstopdf Info: Output file is already uptodate.
<figuras/logo_usc-eps-converted-to.pdf, id=1, 589.20125pt x 382.42876pt>
File: figuras/logo_usc-eps-converted-to.pdf Graphic file (type pdf)
<use figuras/logo_usc-eps-converted-to.pdf>
Package pdftex.def Info: figuras/logo_usc-eps-converted-to.pdf  used on input l
ine 6.
(pdftex.def)             Requested size: 142.26378pt x 92.33913pt.
LaTeX Font Info:    Trying to load font information for U+msa on input line 19.

 (c:/texlive/2023/texmf-dist/tex/latex/amsfonts/umsa.fd
File: umsa.fd 2013/01/14 v3.01 AMS symbols A
)
LaTeX Font Info:    Trying to load font information for U+msb on input line 19.

(c:/texlive/2023/texmf-dist/tex/latex/amsfonts/umsb.fd
File: umsb.fd 2013/01/14 v3.01 AMS symbols B
)
LaTeX Font Info:    Trying to load font information for U+lasy on input line 19
.

(c:/texlive/2023/texmf-dist/tex/latex/base/ulasy.fd
File: ulasy.fd 1998/08/17 v2.2e LaTeX symbol font definitions
)
Overfull \hbox (26.47488pt too wide) in paragraph at lines 19--26
[] [] 
 []

) [1


{c:/texlive/2023/texmf-var/fonts/map/pdftex/updmap/pdftex.map} <./figuras/logo_
usc-eps-converted-to.pdf>] [2



]
\openout2 = `capitulos/certificacion.aux'.

 (./capitulos/certificacion.tex
Package epstopdf Info: Source file: <figuras/logo_usc.eps>
(epstopdf)                    date: 2023-12-20 19:17:00
(epstopdf)                    size: 91607 bytes
(epstopdf)             Output file: <figuras/logo_usc-eps-converted-to.pdf>
(epstopdf)                    date: 2023-12-20 19:17:00
(epstopdf)                    size: 22078 bytes
(epstopdf)             Command: <repstopdf --outfile=figuras/logo_usc-eps-conve
rted-to.pdf figuras/logo_usc.eps>
(epstopdf)             \includegraphics on input line 3.
Package epstopdf Info: Output file is already uptodate.
File: figuras/logo_usc-eps-converted-to.pdf Graphic file (type pdf)
<use figuras/logo_usc-eps-converted-to.pdf>
Package pdftex.def Info: figuras/logo_usc-eps-converted-to.pdf  used on input l
ine 3.
(pdftex.def)             Requested size: 113.81102pt x 73.87013pt.
)

LaTeX Font Warning: Font shape `OT1/cmr/m/n' in size <13.13947> not available
(Font)              size <12> substituted on input line 35.


LaTeX Font Warning: Font shape `OT1/cmr/m/sc' in size <13.13947> not available
(Font)              size <12> substituted on input line 35.

[1

] [2



]
\openout2 = `capitulos/agradecementos.aux'.

 (./capitulos/agradecementos.tex) [3


] [4



]
\openout2 = `capitulos/resumo.aux'.

 (./capitulos/resumo.tex)
[5


] [6



] (C:/Users/Hugo/IdeaProjects/TFGMemoria/out/traballo.toc)
\tf@toc=\write3
\openout3 = `traballo.toc'.

 [7

] [8

]
(C:/Users/Hugo/IdeaProjects/TFGMemoria/out/traballo.lof)
\tf@lof=\write4
\openout4 = `traballo.lof'.

 [9] [10

]
(C:/Users/Hugo/IdeaProjects/TFGMemoria/out/traballo.lot)
\tf@lot=\write5
\openout5 = `traballo.lot'.

 [11] [12

]
\openout2 = `capitulos/introducion.aux'.


(./capitulos/introducion.tex
Cap\'{\i }tulo 1.
) [1


] [2



]
\openout2 = `capitulos/cap2.aux'.

 (./capitulos/cap2.tex
Cap\'{\i }tulo 2.
) [3


] [4



]
\openout2 = `capitulos/cap3.aux'.

 (./capitulos/cap3.tex
Cap\'{\i }tulo 3.
) [5


] [6



]
\openout2 = `capitulos/cap4.aux'.

 (./capitulos/cap4.tex
Cap\'{\i }tulo 4.
) [7


] [8



]
\openout2 = `capitulos/exemplos.aux'.

 (./capitulos/exemplos.tex
Cap\'{\i }tulo 5.
[9


]
Package epstopdf Info: Source file: <figuras/figura01.eps>
(epstopdf)                    date: 2023-12-20 19:17:00
(epstopdf)                    size: 209408 bytes
(epstopdf)             Output file: <figuras/figura01-eps-converted-to.pdf>
(epstopdf)                    date: 2023-12-20 19:17:00
(epstopdf)                    size: 26680 bytes
(epstopdf)             Command: <repstopdf --outfile=figuras/figura01-eps-conve
rted-to.pdf figuras/figura01.eps>
(epstopdf)             \includegraphics on input line 30.
Package epstopdf Info: Output file is already uptodate.
<figuras/figura01-eps-converted-to.pdf, id=93, 1060.96375pt x 513.92pt>
File: figuras/figura01-eps-converted-to.pdf Graphic file (type pdf)
<use figuras/figura01-eps-converted-to.pdf>
Package pdftex.def Info: figuras/figura01-eps-converted-to.pdf  used on input l
ine 30.
(pdftex.def)             Requested size: 426.79134pt x 206.73277pt.

Underfull \vbox (badness 1019) has occurred while \output is active []


Overfull \hbox (4.24084pt too wide) has occurred while \output is active
\OT1/cmr/m/n/12 10  \OT1/cmr/m/sl/12 CAP[]ITULO 5.  EXEMPLOS (ELIMINAR CAP[]ITU
LO NA VERSI[]ON FINAL)
 []

[10 <./figuras/figura01-eps-converted-to.pdf>]
(c:/texlive/2023/texmf-dist/tex/latex/listings/lstlang1.sty
File: lstlang1.sty 2023/02/27 1.9 listings language file
)
(c:/texlive/2023/texmf-dist/tex/latex/listings/lstmisc.sty
File: lstmisc.sty 2023/02/27 1.9 (Carsten Heinz)
)
LaTeX Font Info:    Trying to load font information for OML+cmr on input line 8
1.

(c:/texlive/2023/texmf-dist/tex/latex/base/omlcmr.fd
File: omlcmr.fd 2023/04/13 v2.5m Standard LaTeX font definitions
)
LaTeX Font Info:    Font shape `OML/cmr/m/n' in size <12> not available
(Font)              Font shape `OML/cmm/m/it' tried instead on input line 81.
LaTeX Font Info:    Trying to load font information for OMS+cmr on input line 8
3.

(c:/texlive/2023/texmf-dist/tex/latex/base/omscmr.fd
File: omscmr.fd 2023/04/13 v2.5m Standard LaTeX font definitions
)
LaTeX Font Info:    Font shape `OMS/cmr/m/n' in size <12> not available
(Font)              Font shape `OMS/cmsy/m/n' tried instead on input line 83.

(c:/texlive/2023/texmf-dist/tex/latex/listings/lstlang1.sty
File: lstlang1.sty 2023/02/27 1.9 listings language file
)
Overfull \hbox (53.36043pt too wide) in paragraph at lines 97--98
[][][][][][][][][][][][][][][][][][][][][][][][][] 
 []

) [11{c:/texlive/2023/texmf-dist/fonts/enc/dvips/cm-super/cm-super-ts1.enc}]
Overfull \hbox (4.24084pt too wide) has occurred while \output is active
\OT1/cmr/m/n/12 12  \OT1/cmr/m/sl/12 CAP[]ITULO 5.  EXEMPLOS (ELIMINAR CAP[]ITU
LO NA VERSI[]ON FINAL)
 []

[12



]
\openout2 = `capitulos/conclusions.aux'.

 (./capitulos/conclusions.tex
Cap\'{\i }tulo 6.
) [13


] [14



]
\openout2 = `capitulos/apendicea.aux'.

 (./capitulos/apendicea.tex
Ap\'endice A.
) [15


] [16



]
\openout2 = `capitulos/apendiceb.aux'.

 (./capitulos/apendiceb.tex
Ap\'endice B.
) [17


] [18



]
\openout2 = `capitulos/licenza.aux'.

 (./capitulos/licenza.tex
Ap\'endice C.
) [19


] [20



]
\openout2 = `capitulos/bibliografia.aux'.

 (./capitulos/bibliografia.tex
Underfull \hbox (badness 1590) in paragraph at lines 7--8
[]\OT1/cmr/m/n/12 Nvidia CU-DA pro-gram-ming gui-de. Ver-si^^Son 2.0, 2010. Dis
-po~nible en
 []


Underfull \hbox (badness 10000) in paragraph at lines 10--11
[]\OT1/cmr/m/n/12 Acceso m^^Sulti-ple por di-vi-si^^Son de c^^Sodi-go. Ar-ti-go
 da wi-ki-pe-dia
 []

) [21


] (C:/Users/Hugo/IdeaProjects/TFGMemoria/out/traballo.aux
(C:/Users/Hugo/IdeaProjects/TFGMemoria/out/capitulos/titulo.aux)
(C:/Users/Hugo/IdeaProjects/TFGMemoria/out/capitulos/certificacion.aux)
(C:/Users/Hugo/IdeaProjects/TFGMemoria/out/capitulos/agradecementos.aux)
(C:/Users/Hugo/IdeaProjects/TFGMemoria/out/capitulos/resumo.aux)
(C:/Users/Hugo/IdeaProjects/TFGMemoria/out/capitulos/introducion.aux)
(C:/Users/Hugo/IdeaProjects/TFGMemoria/out/capitulos/cap2.aux)
(C:/Users/Hugo/IdeaProjects/TFGMemoria/out/capitulos/cap3.aux)
(C:/Users/Hugo/IdeaProjects/TFGMemoria/out/capitulos/cap4.aux)
(C:/Users/Hugo/IdeaProjects/TFGMemoria/out/capitulos/exemplos.aux)
(C:/Users/Hugo/IdeaProjects/TFGMemoria/out/capitulos/conclusions.aux)
(C:/Users/Hugo/IdeaProjects/TFGMemoria/out/capitulos/apendicea.aux)
(C:/Users/Hugo/IdeaProjects/TFGMemoria/out/capitulos/apendiceb.aux)
(C:/Users/Hugo/IdeaProjects/TFGMemoria/out/capitulos/licenza.aux)
(C:/Users/Hugo/IdeaProjects/TFGMemoria/out/capitulos/bibliografia.aux))
 ***********
LaTeX2e <2023-11-01>
L3 programming layer <2023-12-11>
 ***********


LaTeX Font Warning: Size substitutions with differences
(Font)              up to 1.13947pt have occurred.

 ) 
Here is how much of TeX's memory you used:
 5695 strings out of 474174
 95161 string characters out of 5749676
 1942460 words of memory out of 5000000
 27834 multiletter control sequences out of 15000+600000
 568292 words of font info for 74 fonts, out of 8000000 for 9000
 1142 hyphenation exceptions out of 8191
 57i,8n,65p,539b,1319s stack positions out of 10000i,1000n,20000p,200000b,200000s
<c:/texlive/2023/texmf-dist/fonts/type1/public/amsfonts/cm/cmbx12.pfb><c:/tex
live/2023/texmf-dist/fonts/type1/public/amsfonts/cm/cmcsc10.pfb><c:/texlive/202
3/texmf-dist/fonts/type1/public/amsfonts/cm/cmex10.pfb><c:/texlive/2023/texmf-d
ist/fonts/type1/public/amsfonts/cm/cmmi12.pfb><c:/texlive/2023/texmf-dist/fonts
/type1/public/amsfonts/cm/cmmi8.pfb><c:/texlive/2023/texmf-dist/fonts/type1/pub
lic/amsfonts/cm/cmr10.pfb><c:/texlive/2023/texmf-dist/fonts/type1/public/amsfon
ts/cm/cmr12.pfb><c:/texlive/2023/texmf-dist/fonts/type1/public/amsfonts/cm/cmr1
7.pfb><c:/texlive/2023/texmf-dist/fonts/type1/public/amsfonts/cm/cmr6.pfb><c:/t
exlive/2023/texmf-dist/fonts/type1/public/amsfonts/cm/cmr8.pfb><c:/texlive/2023
/texmf-dist/fonts/type1/public/amsfonts/cm/cmsl12.pfb><c:/texlive/2023/texmf-di
st/fonts/type1/public/amsfonts/cm/cmsy10.pfb><c:/texlive/2023/texmf-dist/fonts/
type1/public/amsfonts/cm/cmsy8.pfb><c:/texlive/2023/texmf-dist/fonts/type1/publ
ic/amsfonts/cm/cmti12.pfb><c:/texlive/2023/texmf-dist/fonts/type1/public/amsfon
ts/cm/cmtt12.pfb><c:/texlive/2023/texmf-dist/fonts/type1/public/cm-super/sfrm12
00.pfb><c:/texlive/2023/texmf-dist/fonts/type1/public/cm-super/sfti1200.pfb>
Output written on C:/Users/Hugo/IdeaProjects/TFGMemoria/out/traballo.pdf (35 pa
ges, 241792 bytes).
PDF statistics:
 211 PDF objects out of 1000 (max. 8388607)
 134 compressed objects within 2 object streams
 0 named destinations out of 1000 (max. 500000)
 11 words of extra memory for PDF output out of 10000 (max. 10000000)

